{
  "stats": {
    "suites": 20,
    "tests": 53,
    "passes": 51,
    "pending": 0,
    "failures": 2,
    "testsRegistered": 53,
    "passPercent": 96.22641509433963,
    "pendingPercent": 0,
    "other": 0,
    "hasOther": false,
    "skipped": 0,
    "hasSkipped": false,
    "start": "2023-07-26T09:25:08.457Z",
    "end": "2023-07-26T09:29:25.546Z",
    "duration": 257089
  },
  "results": [
    {
      "uuid": "c4dc543c-81ef-4f96-b18d-c0fd7ac6601b",
      "title": "",
      "fullFile": "cypress\\e2e\\AutomationStore\\alias-invoke.js",
      "file": "cypress\\e2e\\AutomationStore\\alias-invoke.js",
      "beforeHooks": [],
      "afterHooks": [],
      "tests": [],
      "suites": [
        {
          "uuid": "f59ae3db-260f-47fb-909f-3f75975e76b5",
          "title": "Alias and invoke",
          "fullFile": "",
          "file": "",
          "beforeHooks": [],
          "afterHooks": [],
          "tests": [
            {
              "title": "Calculate total of normal and sale products",
              "fullTitle": "Alias and invoke Calculate total of normal and sale products",
              "timedOut": null,
              "duration": 4898,
              "state": "passed",
              "speed": "fast",
              "pass": true,
              "fail": false,
              "pending": false,
              "context": null,
              "code": "cy.get('.thumbnail').as('itemThumbnail');\n// cy.get('@itemThumbnail').find('.oneprice').each(($el, index, $list) => {\n//     cy.log($el.text())\n// })\ncy.get('@itemThumbnail').find('.oneprice').invoke('text').as('nonSale_itemPrice');\ncy.get('@itemThumbnail').find('.pricenew').invoke('text').as('Sale_itemPrice');\nvar itemsTotalPrice = 0;\ncy.get('@nonSale_itemPrice').then($linkText => {\n  var nonSale_totalPrice = 0;\n  var itemPrice = $linkText.split('$');\n  for (var i = 0; i < itemPrice.length; i++) {\n    cy.log(itemPrice[i]);\n    nonSale_totalPrice += Number(itemPrice[i]);\n  }\n  itemsTotalPrice += nonSale_totalPrice;\n  cy.log(\"Non sale price total: \" + nonSale_totalPrice);\n});\ncy.get('@Sale_itemPrice').then($linkText => {\n  var Sale_totalPrice = 0;\n  var saleItemPrice = $linkText.split('$');\n  for (var i = 0; i < saleItemPrice.length; i++) {\n    cy.log(saleItemPrice[i]);\n    Sale_totalPrice += Number(saleItemPrice[i]);\n  }\n  itemsTotalPrice += Sale_totalPrice;\n  cy.log(\"Sale price total: \" + Sale_totalPrice);\n}).then(() => {\n  cy.log('Total Items Price: ' + itemsTotalPrice);\n  expect(itemsTotalPrice).to.equal(660.5);\n});",
              "err": {},
              "uuid": "9afb7b2c-90e8-4de6-bb76-63238a367e3b",
              "parentUUID": "f59ae3db-260f-47fb-909f-3f75975e76b5",
              "isHook": false,
              "skipped": false
            }
          ],
          "suites": [],
          "passes": [
            "9afb7b2c-90e8-4de6-bb76-63238a367e3b"
          ],
          "failures": [],
          "pending": [],
          "skipped": [],
          "duration": 4898,
          "root": false,
          "rootEmpty": false,
          "_timeout": 2000
        }
      ],
      "passes": [],
      "failures": [],
      "pending": [],
      "skipped": [],
      "duration": 0,
      "root": true,
      "rootEmpty": true,
      "_timeout": 2000
    },
    {
      "uuid": "3784cc45-0ac0-4166-af51-292363b8f528",
      "title": "",
      "fullFile": "cypress\\e2e\\AutomationStore\\contact-us.cy.js",
      "file": "cypress\\e2e\\AutomationStore\\contact-us.cy.js",
      "beforeHooks": [],
      "afterHooks": [],
      "tests": [],
      "suites": [
        {
          "uuid": "f88cac7b-8398-4aef-863f-518592326f01",
          "title": "Test Conatct Us form via WebdriverUni",
          "fullFile": "",
          "file": "",
          "beforeHooks": [],
          "afterHooks": [],
          "tests": [
            {
              "title": "Should be able to submit a successful submision via contact us form",
              "fullTitle": "Test Conatct Us form via WebdriverUni Should be able to submit a successful submision via contact us form",
              "timedOut": null,
              "duration": 11054,
              "state": "passed",
              "speed": "slow",
              "pass": true,
              "fail": false,
              "pending": false,
              "context": null,
              "code": "//cy.xpath('//a[contains(@href, \"contact\")]').click()\ncy.get('a[href$=\"contact\"]').click().then(txtBtn => {\n  cy.log(txtBtn.text());\n});\ncy.get('#ContactUsFrm_first_name').type('Williams');\ncy.get('#ContactUsFrm_email').type('fake@email.com');\ncy.get('#ContactUsFrm_enquiry').type('This is a comment');\ncy.get('button[title=\"Submit\"]').click();\n//cy.hash().should('eq', 'index.php?rt=content/contact/success')\ncy.xpath('//p[contains(text(), \"successfully\")]').contains('Your enquiry has been successfully sent to the store owner!');",
              "err": {},
              "uuid": "7319b857-569c-47c6-8e63-058bfb849dc0",
              "parentUUID": "f88cac7b-8398-4aef-863f-518592326f01",
              "isHook": false,
              "skipped": false
            }
          ],
          "suites": [],
          "passes": [
            "7319b857-569c-47c6-8e63-058bfb849dc0"
          ],
          "failures": [],
          "pending": [],
          "skipped": [],
          "duration": 11054,
          "root": false,
          "rootEmpty": false,
          "_timeout": 2000
        }
      ],
      "passes": [],
      "failures": [],
      "pending": [],
      "skipped": [],
      "duration": 0,
      "root": true,
      "rootEmpty": true,
      "_timeout": 2000
    },
    {
      "uuid": "7ae70ea4-a1b4-4a26-9a54-9f396b8a7406",
      "title": "",
      "fullFile": "cypress\\e2e\\AutomationStore\\inspect-item.cy.js",
      "file": "cypress\\e2e\\AutomationStore\\inspect-item.cy.js",
      "beforeHooks": [],
      "afterHooks": [],
      "tests": [],
      "suites": [
        {
          "uuid": "5dfa7855-de82-41c2-ba4e-a489c13f4f0b",
          "title": "Inspect Automation Test Store items using chain of comamnds",
          "fullFile": "",
          "file": "",
          "beforeHooks": [],
          "afterHooks": [],
          "tests": [
            {
              "title": "Click on the first item using item text",
              "fullTitle": "Inspect Automation Test Store items using chain of comamnds Click on the first item using item text",
              "timedOut": null,
              "duration": 6530,
              "state": "passed",
              "speed": "medium",
              "pass": true,
              "fail": false,
              "pending": false,
              "context": null,
              "code": "cy.get('.prdocutname').contains('Skinsheen Bronzer Stick').click().then(itemHeaderText => {\n  console.log('Selected the following item: ' + itemHeaderText.text());\n});",
              "err": {},
              "uuid": "eb50e93e-ef4d-436b-9c8a-726a0c873781",
              "parentUUID": "5dfa7855-de82-41c2-ba4e-a489c13f4f0b",
              "isHook": false,
              "skipped": false
            }
          ],
          "suites": [],
          "passes": [
            "eb50e93e-ef4d-436b-9c8a-726a0c873781"
          ],
          "failures": [],
          "pending": [],
          "skipped": [],
          "duration": 6530,
          "root": false,
          "rootEmpty": false,
          "_timeout": 2000
        }
      ],
      "passes": [],
      "failures": [],
      "pending": [],
      "skipped": [],
      "duration": 0,
      "root": true,
      "rootEmpty": true,
      "_timeout": 2000
    },
    {
      "uuid": "89afbb6e-25ac-4464-bc19-b5c5c21e996a",
      "title": "",
      "fullFile": "cypress\\e2e\\AutomationStore\\iterate-over-elements.js",
      "file": "cypress\\e2e\\AutomationStore\\iterate-over-elements.js",
      "beforeHooks": [],
      "afterHooks": [],
      "tests": [],
      "suites": [
        {
          "uuid": "7d4f9a10-ede8-403a-a568-e24ce42fae0f",
          "title": "Iterate over elements",
          "fullFile": "",
          "file": "",
          "beforeHooks": [],
          "afterHooks": [],
          "tests": [
            {
              "title": "Log information of all hair care products",
              "fullTitle": "Iterate over elements Log information of all hair care products",
              "timedOut": null,
              "duration": 6595,
              "state": "passed",
              "speed": "medium",
              "pass": true,
              "fail": false,
              "pending": false,
              "context": null,
              "code": "cy.get('a[href*=\"product/category&path=\"]').contains('Hair Care').click();\ncy.get('.fixed_wrapper .prdocutname').each(($el, index, $list) => {\n  cy.log('Index: ' + index + \" : \" + $el.text());\n});",
              "err": {},
              "uuid": "3ed2048e-1799-4a88-970f-ec1108597388",
              "parentUUID": "7d4f9a10-ede8-403a-a568-e24ce42fae0f",
              "isHook": false,
              "skipped": false
            },
            {
              "title": "Add specific product to basket",
              "fullTitle": "Iterate over elements Add specific product to basket",
              "timedOut": null,
              "duration": 4460,
              "state": "passed",
              "speed": "fast",
              "pass": true,
              "fail": false,
              "pending": false,
              "context": null,
              "code": "cy.get('a[href*=\"product/category&path=\"]').contains('Hair Care').click();\ncy.selectProduct('Curls to straight Shampoo');\n// cy.get('.fixed_wrapper .prdocutname').each(($el, index, $list) => {\n//     if($el.text().includes('Curls to straight Shampoo')){\n//         cy.wrap($el).click()\n//     }\n// })",
              "err": {},
              "uuid": "6873d4a9-2cc2-42c5-914f-4e515219b39a",
              "parentUUID": "7d4f9a10-ede8-403a-a568-e24ce42fae0f",
              "isHook": false,
              "skipped": false
            },
            {
              "title": "Add another specific product to basket",
              "fullTitle": "Iterate over elements Add another specific product to basket",
              "timedOut": null,
              "duration": 3771,
              "state": "passed",
              "speed": "fast",
              "pass": true,
              "fail": false,
              "pending": false,
              "context": null,
              "code": "cy.get('a[href*=\"product/category&path=\"]').contains('Hair Care').click();\ncy.selectProduct('Eau Parfumee au The Vert Shampoo');",
              "err": {},
              "uuid": "68e73fe8-da35-4617-bbbd-85ffe7610d71",
              "parentUUID": "7d4f9a10-ede8-403a-a568-e24ce42fae0f",
              "isHook": false,
              "skipped": false
            }
          ],
          "suites": [],
          "passes": [
            "3ed2048e-1799-4a88-970f-ec1108597388",
            "6873d4a9-2cc2-42c5-914f-4e515219b39a",
            "68e73fe8-da35-4617-bbbd-85ffe7610d71"
          ],
          "failures": [],
          "pending": [],
          "skipped": [],
          "duration": 14826,
          "root": false,
          "rootEmpty": false,
          "_timeout": 2000
        }
      ],
      "passes": [],
      "failures": [],
      "pending": [],
      "skipped": [],
      "duration": 0,
      "root": true,
      "rootEmpty": true,
      "_timeout": 2000
    },
    {
      "uuid": "1d0928cf-c501-4290-867d-103ca4478ffe",
      "title": "",
      "fullFile": "cypress\\e2e\\AutomationStore\\variables-and-cy-commands.js",
      "file": "cypress\\e2e\\AutomationStore\\variables-and-cy-commands.js",
      "beforeHooks": [],
      "afterHooks": [],
      "tests": [],
      "suites": [
        {
          "uuid": "32392aa6-7e5e-48dd-ab61-9e5ec68ad397",
          "title": "Verifying variables, cypress commands, and jquery commands",
          "fullFile": "",
          "file": "",
          "beforeHooks": [],
          "afterHooks": [],
          "tests": [
            {
              "title": "Validate properties of the Contact Us Page",
              "fullTitle": "Verifying variables, cypress commands, and jquery commands Validate properties of the Contact Us Page",
              "timedOut": null,
              "duration": 6595,
              "state": "passed",
              "speed": "medium",
              "pass": true,
              "fail": false,
              "pending": false,
              "context": null,
              "code": "cy.visit('https://automationteststore.com/index.php?rt=content/contact');\n//Uses cypress commands and chaining\ncy.contains('#ContactUsFrm', 'Contact Us Form').find('#field_11').should('contain', 'First name');\n//JQuery Approach\ncy.contains('#ContactUsFrm', 'Contact Us Form').then(text => {\n  const firstNameText = text.find('#field_11').text();\n  expect(firstNameText).to.contain('First name');\n});\n//Embedded commands (Closure)\ncy.contains('#ContactUsFrm', 'Contact Us Form').then(text => {\n  //Embedded\n  cy.get('#field_11').then(fnText => {\n    cy.log(fnText.text());\n  });\n});",
              "err": {},
              "uuid": "ea02efdc-24a7-4934-8312-5fba38deaee9",
              "parentUUID": "32392aa6-7e5e-48dd-ab61-9e5ec68ad397",
              "isHook": false,
              "skipped": false
            }
          ],
          "suites": [],
          "passes": [
            "ea02efdc-24a7-4934-8312-5fba38deaee9"
          ],
          "failures": [],
          "pending": [],
          "skipped": [],
          "duration": 6595,
          "root": false,
          "rootEmpty": false,
          "_timeout": 2000
        }
      ],
      "passes": [],
      "failures": [],
      "pending": [],
      "skipped": [],
      "duration": 0,
      "root": true,
      "rootEmpty": true,
      "_timeout": 2000
    },
    {
      "uuid": "ba52b65b-4aed-4257-b681-27c167e04504",
      "title": "",
      "fullFile": "cypress\\e2e\\other\\same-origin-policy.js",
      "file": "cypress\\e2e\\other\\same-origin-policy.js",
      "beforeHooks": [],
      "afterHooks": [],
      "tests": [],
      "suites": [
        {
          "uuid": "49607b79-ca13-4b09-90f9-87ede4db3457",
          "title": "Cypress web security",
          "fullFile": "",
          "file": "",
          "beforeHooks": [],
          "afterHooks": [],
          "tests": [
            {
              "title": "Validate visiting two different domains",
              "fullTitle": "Cypress web security Validate visiting two different domains",
              "timedOut": null,
              "duration": 8166,
              "state": "passed",
              "speed": "medium",
              "pass": true,
              "fail": false,
              "pending": false,
              "context": null,
              "code": "cy.visit('https://webdriveruniversity.com/');\ncy.visit('https://automationteststore.com/');",
              "err": {},
              "uuid": "7bac9fcf-f3ac-428f-96f3-10eaa5b65337",
              "parentUUID": "49607b79-ca13-4b09-90f9-87ede4db3457",
              "isHook": false,
              "skipped": false
            },
            {
              "title": "Validate visiting two different domains using user actions",
              "fullTitle": "Cypress web security Validate visiting two different domains using user actions",
              "timedOut": null,
              "duration": 3745,
              "state": "passed",
              "speed": "fast",
              "pass": true,
              "fail": false,
              "pending": false,
              "context": null,
              "code": "//multiple tabs is not supported by cypress\ncy.visit('https://webdriveruniversity.com/');\ncy.get('#automation-test-store').invoke('removeAttr', 'target').click({\n  force: true\n});",
              "err": {},
              "uuid": "74eadf0c-625c-421c-9e04-44ce833ec2e2",
              "parentUUID": "49607b79-ca13-4b09-90f9-87ede4db3457",
              "isHook": false,
              "skipped": false
            },
            {
              "title": "Origin Command",
              "fullTitle": "Cypress web security Origin Command",
              "timedOut": null,
              "duration": 514,
              "state": "failed",
              "speed": null,
              "pass": false,
              "fail": true,
              "pending": false,
              "context": null,
              "code": "cy.origin('webdriveruniversity.com', () => {\n  cy.visit(\"/\");\n});\ncy.origin('automationteststore.com', () => {\n  cy.visit(\"/\");\n});",
              "err": {
                "message": "CypressError: `cy.origin()` requires the first argument to be a different domain than top. You passed `webdriveruniversity.com` to the origin command, while top is at `https://webdriveruniversity.com`.\n\nEither the intended page was not visited prior to running the cy.origin block or the cy.origin block may not be needed at all.\n\nhttps://on.cypress.io/origin",
                "estack": "CypressError: `cy.origin()` requires the first argument to be a different domain than top. You passed `webdriveruniversity.com` to the origin command, while top is at `https://webdriveruniversity.com`.\n\nEither the intended page was not visited prior to running the cy.origin block or the cy.origin block may not be needed at all.\n\nhttps://on.cypress.io/origin\n    at Validator.validateLocation (https://webdriveruniversity.com/__cypress/runner/cypress_runner.js:148332:76)\n    at Context.origin (https://webdriveruniversity.com/__cypress/runner/cypress_runner.js:147950:17)\n    at wrapped (https://webdriveruniversity.com/__cypress/runner/cypress_runner.js:160808:43)\nFrom Your Spec Code:\n    at Context.eval (webpack:///./cypress/e2e/other/same-origin-policy.js:16:11)",
                "diff": null
              },
              "uuid": "7683d58b-a9fa-4d6b-ba49-8e1d310a1c01",
              "parentUUID": "49607b79-ca13-4b09-90f9-87ede4db3457",
              "isHook": false,
              "skipped": false
            }
          ],
          "suites": [],
          "passes": [
            "7bac9fcf-f3ac-428f-96f3-10eaa5b65337",
            "74eadf0c-625c-421c-9e04-44ce833ec2e2"
          ],
          "failures": [
            "7683d58b-a9fa-4d6b-ba49-8e1d310a1c01"
          ],
          "pending": [],
          "skipped": [],
          "duration": 12425,
          "root": false,
          "rootEmpty": false,
          "_timeout": 2000
        }
      ],
      "passes": [],
      "failures": [],
      "pending": [],
      "skipped": [],
      "duration": 0,
      "root": true,
      "rootEmpty": true,
      "_timeout": 2000
    },
    {
      "uuid": "10d357c0-f084-427f-9bcc-c502208ad2c0",
      "title": "",
      "fullFile": "cypress\\e2e\\WebDriverUniversity\\autocomplete-dropdown-list.js",
      "file": "cypress\\e2e\\WebDriverUniversity\\autocomplete-dropdown-list.js",
      "beforeHooks": [],
      "afterHooks": [],
      "tests": [],
      "suites": [
        {
          "uuid": "f91b07a3-641f-4137-83a1-f426fce568bd",
          "title": "Verify Autocomplete dropdown lists via webdriveruni",
          "fullFile": "",
          "file": "",
          "beforeHooks": [],
          "afterHooks": [],
          "tests": [
            {
              "title": "Select specific product via autocomplete list",
              "fullTitle": "Verify Autocomplete dropdown lists via webdriveruni Select specific product via autocomplete list",
              "timedOut": null,
              "duration": 4567,
              "state": "passed",
              "speed": "fast",
              "pass": true,
              "fail": false,
              "pending": false,
              "context": null,
              "code": "cy.visit('/');\ncy.get('#autocomplete-textfield').invoke('removeAttr', 'target').click({\n  force: true\n});\ncy.get('#myInput').type('A');\ncy.get('#myInputautocomplete-list >  *').each(($el, index, $list) => {\n  const prod = $el.text();\n  const productToSelect = 'Almond';\n  if (prod === productToSelect) {\n    // $el.click()\n    $el.trigger('click');\n    cy.get('#submit-button').click();\n    cy.url().should('include', productToSelect);\n  }\n}).then(() => {\n  cy.get('#myInput').type('G');\n  cy.get('#myInputautocomplete-list >  *').each(($el, index, $list) => {\n    const prod = $el.text();\n    const productToSelect = 'Grapes';\n    if (prod === productToSelect) {\n      // $el.click()\n      $el.trigger('click');\n      cy.get('#submit-button').click();\n      cy.url().should('include', productToSelect);\n    }\n  });\n});",
              "err": {},
              "uuid": "42609bd1-df7d-415d-85c1-ce1c9f35537e",
              "parentUUID": "f91b07a3-641f-4137-83a1-f426fce568bd",
              "isHook": false,
              "skipped": false
            }
          ],
          "suites": [],
          "passes": [
            "42609bd1-df7d-415d-85c1-ce1c9f35537e"
          ],
          "failures": [],
          "pending": [],
          "skipped": [],
          "duration": 4567,
          "root": false,
          "rootEmpty": false,
          "_timeout": 2000
        }
      ],
      "passes": [],
      "failures": [],
      "pending": [],
      "skipped": [],
      "duration": 0,
      "root": true,
      "rootEmpty": true,
      "_timeout": 2000
    },
    {
      "uuid": "9b6724a9-ea5e-497c-9a80-c863ac5abe74",
      "title": "",
      "fullFile": "cypress\\e2e\\WebDriverUniversity\\browser-navigation.js",
      "file": "cypress\\e2e\\WebDriverUniversity\\browser-navigation.js",
      "beforeHooks": [],
      "afterHooks": [],
      "tests": [],
      "suites": [
        {
          "uuid": "23a89eb0-aef7-4c81-a43b-6b0e7762c373",
          "title": "Validate webdriveruni homepage links",
          "fullFile": "",
          "file": "",
          "beforeHooks": [],
          "afterHooks": [],
          "tests": [
            {
              "title": "Confirm link redirect to the correct pages",
              "fullTitle": "Validate webdriveruni homepage links Confirm link redirect to the correct pages",
              "timedOut": null,
              "duration": 4689,
              "state": "failed",
              "speed": null,
              "pass": false,
              "fail": true,
              "pending": false,
              "context": null,
              "code": "cy.visit('https://webdriveruniversity.com/');\ncy.get('#contact-us').invoke('removeAttr', 'target').click({\n  force: true\n});\ncy.url().should('include', 'contactus');\ncy.go('back');\ncy.reload();\n//cy.reload(true) //reload without using cache\ncy.go('forward');\ncy.url().should('include', 'contactus');\ncy.go('back');\n//login portal\ncy.get('#login-portal').invoke('removeAttr', 'target').click({\n  force: true\n});\ncy.url().should('include', 'Login-Portal');\ncy.go('back');\n//To Do List\ncy.get('#to-do-list').invoke('removeAttr', 'target').click({\n  force: true\n});\ncy.url().should('include', 'To-Do-List');\ncy.go('back');",
              "err": {
                "message": "ReferenceError: The following error originated from your application code, not from Cypress.\n\n  > $ is not defined\n\nWhen Cypress detects uncaught errors originating from your application it will automatically fail the current test.\n\nThis behavior is configurable, and you can choose to turn this off by listening to the `uncaught:exception` event.\n\nhttps://on.cypress.io/uncaught-exception-from-application",
                "estack": "ReferenceError: The following error originated from your application code, not from Cypress.\n\n  > $ is not defined\n\nWhen Cypress detects uncaught errors originating from your application it will automatically fail the current test.\n\nThis behavior is configurable, and you can choose to turn this off by listening to the `uncaught:exception` event.\n\nhttps://on.cypress.io/uncaught-exception-from-application\n    at <unknown> (https://webdriveruniversity.com/Login-Portal/js/index.js:1:2)",
                "diff": null
              },
              "uuid": "27faa28d-5243-4eb3-a762-5cdf5c7895f3",
              "parentUUID": "23a89eb0-aef7-4c81-a43b-6b0e7762c373",
              "isHook": false,
              "skipped": false
            }
          ],
          "suites": [],
          "passes": [],
          "failures": [
            "27faa28d-5243-4eb3-a762-5cdf5c7895f3"
          ],
          "pending": [],
          "skipped": [],
          "duration": 4689,
          "root": false,
          "rootEmpty": false,
          "_timeout": 2000
        }
      ],
      "passes": [],
      "failures": [],
      "pending": [],
      "skipped": [],
      "duration": 0,
      "root": true,
      "rootEmpty": true,
      "_timeout": 2000
    },
    {
      "uuid": "4a063835-fd64-46c8-837c-eac5b97a8e7c",
      "title": "",
      "fullFile": "cypress\\e2e\\WebDriverUniversity\\checkboxes.js",
      "file": "cypress\\e2e\\WebDriverUniversity\\checkboxes.js",
      "beforeHooks": [],
      "afterHooks": [],
      "tests": [],
      "suites": [
        {
          "uuid": "b70ce456-68b1-4a61-8b90-027c4b7ce379",
          "title": "Verify Checkboxes via webdriveruni",
          "fullFile": "",
          "file": "",
          "beforeHooks": [],
          "afterHooks": [],
          "tests": [
            {
              "title": "Check and validate checkbox",
              "fullTitle": "Verify Checkboxes via webdriveruni Check and validate checkbox",
              "timedOut": null,
              "duration": 3513,
              "state": "passed",
              "speed": "fast",
              "pass": true,
              "fail": false,
              "pending": false,
              "context": null,
              "code": "// cy.get('#checkboxes > :nth-child(1) > input').check()\n// .should('be.checked')\n// cy.get(':nth-child(3) > input').should('not.be.checked')\ncy.get('#checkboxes > :nth-child(1) > input').as('option-1');\ncy.get('@option-1').check().should('be.checked');\ncy.get('@option-1').uncheck().should('not.be.checked');\ncy.get(':nth-child(5) > input').as('option-3');\ncy.get('@option-3').uncheck().should('not.be.checked');",
              "err": {},
              "uuid": "cd2c4b04-8019-49c7-8b27-536603c05f31",
              "parentUUID": "b70ce456-68b1-4a61-8b90-027c4b7ce379",
              "isHook": false,
              "skipped": false
            },
            {
              "title": "Check multiple checkboxes",
              "fullTitle": "Verify Checkboxes via webdriveruni Check multiple checkboxes",
              "timedOut": null,
              "duration": 891,
              "state": "passed",
              "speed": "fast",
              "pass": true,
              "fail": false,
              "pending": false,
              "context": null,
              "code": "cy.get('input[type=\"checkbox\"]').check(['option-1', 'option-2', 'option-4']).should('be.checked');",
              "err": {},
              "uuid": "f2277f93-0fd8-4f11-9953-995d23ba8078",
              "parentUUID": "b70ce456-68b1-4a61-8b90-027c4b7ce379",
              "isHook": false,
              "skipped": false
            }
          ],
          "suites": [],
          "passes": [
            "cd2c4b04-8019-49c7-8b27-536603c05f31",
            "f2277f93-0fd8-4f11-9953-995d23ba8078"
          ],
          "failures": [],
          "pending": [],
          "skipped": [],
          "duration": 4404,
          "root": false,
          "rootEmpty": false,
          "_timeout": 2000
        }
      ],
      "passes": [],
      "failures": [],
      "pending": [],
      "skipped": [],
      "duration": 0,
      "root": true,
      "rootEmpty": true,
      "_timeout": 2000
    },
    {
      "uuid": "e81de006-20f2-44d1-984d-4a6f0a146a44",
      "title": "",
      "fullFile": "cypress\\e2e\\WebDriverUniversity\\contact-us.cy.js",
      "file": "cypress\\e2e\\WebDriverUniversity\\contact-us.cy.js",
      "beforeHooks": [],
      "afterHooks": [],
      "tests": [],
      "suites": [
        {
          "uuid": "39218667-3f92-43b4-bb72-2b648fef9881",
          "title": "Test Contact Us form via WebdriverUni",
          "fullFile": "",
          "file": "",
          "beforeHooks": [],
          "afterHooks": [],
          "tests": [
            {
              "title": "Input via POM",
              "fullTitle": "Test Contact Us form via WebdriverUni Input via POM",
              "timedOut": null,
              "duration": 11372,
              "state": "passed",
              "speed": "slow",
              "pass": true,
              "fail": false,
              "pending": false,
              "context": null,
              "code": "contactUs_PO.contactForm_Submission(data.first_name, data.last_name, data.email, data.body);",
              "err": {},
              "uuid": "0ce0c769-5fa0-446e-b685-78a335bfcb8b",
              "parentUUID": "39218667-3f92-43b4-bb72-2b648fef9881",
              "isHook": false,
              "skipped": false
            },
            {
              "title": "Input via fixtures",
              "fullTitle": "Test Contact Us form via WebdriverUni Input via fixtures",
              "timedOut": null,
              "duration": 8216,
              "state": "passed",
              "speed": "medium",
              "pass": true,
              "fail": false,
              "pending": false,
              "context": null,
              "code": "cy.get('[name=\"first_name\"]').type(data.first_name);\ncy.get('[name=\"last_name\"]').type(data.last_name);\ncy.get('[name=\"email\"]').type(data.email);\ncy.get('[name=\"message\"]').type(data.body);",
              "err": {},
              "uuid": "8aa55c9f-8bb5-49a8-9617-730102f99e2f",
              "parentUUID": "39218667-3f92-43b4-bb72-2b648fef9881",
              "isHook": false,
              "skipped": false
            },
            {
              "title": "Input via fixtures while using alias",
              "fullTitle": "Test Contact Us form via WebdriverUni Input via fixtures while using alias",
              "timedOut": null,
              "duration": 10006,
              "state": "passed",
              "speed": "slow",
              "pass": true,
              "fail": false,
              "pending": false,
              "context": null,
              "code": "cy.fixture('userDetails.json').as('user');\ncy.get('@user').then(user => {\n  // cy.get('[name=\"first_name\"]').type(user.first_name)\n  // cy.get('[name=\"last_name\"]').type(user.last_name)\n  // cy.get('[name=\"email\"]').type(user.email)\n  // cy.get('[name=\"message\"]').type(user.body)\n  cy.webdriverUni_ContactForm_Submission(user.first_name, user.last_name, user.email, user.body, \"\", \"\");\n});",
              "err": {},
              "uuid": "1bd382e4-ccb9-4fda-be46-cf61ca6f0ec5",
              "parentUUID": "39218667-3f92-43b4-bb72-2b648fef9881",
              "isHook": false,
              "skipped": false
            },
            {
              "title": "Should be able to submit a successful submision via contact us form",
              "fullTitle": "Test Contact Us form via WebdriverUni Should be able to submit a successful submision via contact us form",
              "timedOut": null,
              "duration": 11267,
              "state": "passed",
              "speed": "slow",
              "pass": true,
              "fail": false,
              "pending": false,
              "context": null,
              "code": "cy.title().should('include', 'WebDriver | Contact Us');\ncy.document().should('have.property', 'charset').and('eq', 'UTF-8');\ncy.webdriverUni_ContactForm_Submission(Cypress.env('first_name'), data.last_name, data.email, data.body, 'h1', 'Thank You for your Message!');\n// cy.get('[name=\"first_name\"]').type('Anna')\n// cy.get('[name=\"last_name\"]').type('Williams')\n// cy.get('[name=\"email\"]').type('fake@email.com')\n// cy.get('[name=\"message\"]').type('This is a comment')\n// cy.contains('SUBMIT').click()\n// cy.get('h1').should('have.text', 'Thank You for your Message!')\ncy.url().should('include', 'contact-form-thank-you.html');",
              "err": {},
              "uuid": "8d2e2944-73b0-4a1a-ac5b-ddbe39b6f03b",
              "parentUUID": "39218667-3f92-43b4-bb72-2b648fef9881",
              "isHook": false,
              "skipped": false
            },
            {
              "title": "Should NOT be able to submit a successful submision via contact us form",
              "fullTitle": "Test Contact Us form via WebdriverUni Should NOT be able to submit a successful submision via contact us form",
              "timedOut": null,
              "duration": 7812,
              "state": "passed",
              "speed": "medium",
              "pass": true,
              "fail": false,
              "pending": false,
              "context": null,
              "code": "cy.get('[name=\"first_name\"]').type('Anna');\ncy.get('[name=\"last_name\"]').type('Williams');\ncy.get('[name=\"message\"]').type('This is a comment');\ncy.contains('SUBMIT').click();",
              "err": {},
              "uuid": "79498888-4ce6-43b4-a225-f078435b7259",
              "parentUUID": "39218667-3f92-43b4-bb72-2b648fef9881",
              "isHook": false,
              "skipped": false
            },
            {
              "title": "Workaround to open page on existing page instead of new tab",
              "fullTitle": "Test Contact Us form via WebdriverUni Workaround to open page on existing page instead of new tab",
              "timedOut": null,
              "duration": 11127,
              "state": "passed",
              "speed": "slow",
              "pass": true,
              "fail": false,
              "pending": false,
              "context": null,
              "code": "//multiple tabs is not supported by cypress\ncy.visit('https://webdriveruniversity.com/');\n//cy.get('#contact-us').click({force:true})\n//workaround\ncy.get('#contact-us').invoke('removeAttr', 'target').click({\n  force: true\n});",
              "err": {},
              "uuid": "9b92b091-be74-4fe4-90eb-ace9ab47994d",
              "parentUUID": "39218667-3f92-43b4-bb72-2b648fef9881",
              "isHook": false,
              "skipped": false
            }
          ],
          "suites": [],
          "passes": [
            "0ce0c769-5fa0-446e-b685-78a335bfcb8b",
            "8aa55c9f-8bb5-49a8-9617-730102f99e2f",
            "1bd382e4-ccb9-4fda-be46-cf61ca6f0ec5",
            "8d2e2944-73b0-4a1a-ac5b-ddbe39b6f03b",
            "79498888-4ce6-43b4-a225-f078435b7259",
            "9b92b091-be74-4fe4-90eb-ace9ab47994d"
          ],
          "failures": [],
          "pending": [],
          "skipped": [],
          "duration": 59800,
          "root": false,
          "rootEmpty": false,
          "_timeout": 2000
        }
      ],
      "passes": [],
      "failures": [],
      "pending": [],
      "skipped": [],
      "duration": 0,
      "root": true,
      "rootEmpty": true,
      "_timeout": 2000
    },
    {
      "uuid": "f237bf99-453e-4c71-a1e1-c691f9995ecd",
      "title": "",
      "fullFile": "cypress\\e2e\\WebDriverUniversity\\data-table.js",
      "file": "cypress\\e2e\\WebDriverUniversity\\data-table.js",
      "beforeHooks": [],
      "afterHooks": [],
      "tests": [],
      "suites": [
        {
          "uuid": "e2b9b6e1-f0d9-46b0-b59d-10dd8f42e3a7",
          "title": "Handling data via webdriveruni",
          "fullFile": "",
          "file": "",
          "beforeHooks": [],
          "afterHooks": [],
          "tests": [
            {
              "title": "Calculate adn assert the total age of all users",
              "fullTitle": "Handling data via webdriveruni Calculate adn assert the total age of all users",
              "timedOut": null,
              "duration": 3223,
              "state": "passed",
              "speed": "fast",
              "pass": true,
              "fail": false,
              "pending": false,
              "context": null,
              "code": "var userDetails = [];\nlet numb = 0;\ncy.get('#thumbnail-1 td').each(($el, index, $list) => {\n  userDetails[index] = $el.text();\n}).then(() => {\n  var i;\n  // for(i=2; i < userDetails.length; i+3){\n  //     cy.log(userDetails[i])\n  // }\n  for (i = 0; i < userDetails.length; i++) {\n    if (Number(userDetails[i])) {\n      numb += Number(userDetails[i]);\n      cy.log(numb);\n    }\n  }\n  expect(numb).to.eq(322);\n});",
              "err": {},
              "uuid": "e516c499-fb5a-41fe-97ae-119642479ee1",
              "parentUUID": "e2b9b6e1-f0d9-46b0-b59d-10dd8f42e3a7",
              "isHook": false,
              "skipped": false
            },
            {
              "title": "Calculate and assert the age of a given user, based on last name",
              "fullTitle": "Handling data via webdriveruni Calculate and assert the age of a given user, based on last name",
              "timedOut": null,
              "duration": 674,
              "state": "passed",
              "speed": "fast",
              "pass": true,
              "fail": false,
              "pending": false,
              "context": null,
              "code": "cy.get('#thumbnail-1 td:nth-child(2)').each(($el, index, $list) => {\n  const text = $el.text();\n  if (text.includes('Woods')) {\n    //same as if(text == 'Woods'){\n    cy.get('#thumbnail-1 td:nth-child(2)').eq(index).next()\n    //imp! eq(index) to indicate user Woods, if not all columns \n    //will be selected and .next() selects all next columns... (Age column)\n    .then(function (age) {\n      const userAge = age.text();\n      expect(userAge).to.eq('80');\n    });\n  }\n});",
              "err": {},
              "uuid": "0130a7f9-367d-42ed-a2e4-13ab8dd24d1e",
              "parentUUID": "e2b9b6e1-f0d9-46b0-b59d-10dd8f42e3a7",
              "isHook": false,
              "skipped": false
            }
          ],
          "suites": [],
          "passes": [
            "e516c499-fb5a-41fe-97ae-119642479ee1",
            "0130a7f9-367d-42ed-a2e4-13ab8dd24d1e"
          ],
          "failures": [],
          "pending": [],
          "skipped": [],
          "duration": 3897,
          "root": false,
          "rootEmpty": false,
          "_timeout": 2000
        }
      ],
      "passes": [],
      "failures": [],
      "pending": [],
      "skipped": [],
      "duration": 0,
      "root": true,
      "rootEmpty": true,
      "_timeout": 2000
    },
    {
      "uuid": "239cd2a5-8595-45a1-a604-bbff7b5eda2e",
      "title": "",
      "fullFile": "cypress\\e2e\\WebDriverUniversity\\datepicker.cy.js",
      "file": "cypress\\e2e\\WebDriverUniversity\\datepicker.cy.js",
      "beforeHooks": [],
      "afterHooks": [],
      "tests": [],
      "suites": [
        {
          "uuid": "f5af66f0-2024-4bca-8964-ccb5d7d56da3",
          "title": "Test Datepicker via webdriveruni",
          "fullFile": "",
          "file": "",
          "beforeHooks": [],
          "afterHooks": [],
          "tests": [
            {
              "title": "Select date from the date picker",
              "fullTitle": "Test Datepicker via webdriveruni Select date from the date picker",
              "timedOut": null,
              "duration": 4511,
              "state": "passed",
              "speed": "fast",
              "pass": true,
              "fail": false,
              "pending": false,
              "context": null,
              "code": "/*\nBasically,  getting the current date and getting future dates by adding **+ n** to the get current date.\nvar future____ is confusing when read because it does not really get the future____.\nAll is based on the **+ n** for the 'future' date\n*/\nlet date = new Date();\n//sete date to current date + 360 days\ndate.setDate(date.getDate() + 360); //get current day //without + 360\nvar futureYear = date.getFullYear();\nvar futureMonth = date.toLocaleString(\"default\", {\n  month: \"long\"\n});\nvar futureDay = date.getDate();\ncy.log(\"Future date to select: \" + futureYear + \" \" + futureMonth + \" \" + futureDay);\nfunction selectMonthAndYear() {\n  cy.get('.datepicker-dropdown').find('.datepicker-switch').first().then(currentDate => {\n    if (!currentDate.text().includes(futureYear)) {\n      cy.get('.next').first().click();\n      selectMonthAndYear();\n    }\n  }).then(() => {\n    cy.get('.datepicker-dropdown').find('.datepicker-switch').first().then(currentDate => {\n      if (!currentDate.text().includes(futureMonth)) {\n        cy.get('.next').first().click();\n        selectMonthAndYear();\n      }\n    });\n  });\n}\nfunction selectFutureDay() {\n  cy.get('[class=\"day\"]').contains(futureDay).click();\n}\nselectMonthAndYear();\nselectFutureDay();",
              "err": {},
              "uuid": "58474c08-b56b-4903-acde-259dcb670a83",
              "parentUUID": "f5af66f0-2024-4bca-8964-ccb5d7d56da3",
              "isHook": false,
              "skipped": false
            }
          ],
          "suites": [],
          "passes": [
            "58474c08-b56b-4903-acde-259dcb670a83"
          ],
          "failures": [],
          "pending": [],
          "skipped": [],
          "duration": 4511,
          "root": false,
          "rootEmpty": false,
          "_timeout": 2000
        }
      ],
      "passes": [],
      "failures": [],
      "pending": [],
      "skipped": [],
      "duration": 0,
      "root": true,
      "rootEmpty": true,
      "_timeout": 2000
    },
    {
      "uuid": "04817359-b736-4a5f-b2de-4a4fbcff5f58",
      "title": "",
      "fullFile": "cypress\\e2e\\WebDriverUniversity\\fileupload.js",
      "file": "cypress\\e2e\\WebDriverUniversity\\fileupload.js",
      "beforeHooks": [],
      "afterHooks": [],
      "tests": [],
      "suites": [
        {
          "uuid": "1668e203-1225-43db-b0ce-d1b77184ae90",
          "title": "Test File Upload via webdriveruni",
          "fullFile": "",
          "file": "",
          "beforeHooks": [],
          "afterHooks": [],
          "tests": [
            {
              "title": "Upload missing file",
              "fullTitle": "Test File Upload via webdriveruni Upload missing file",
              "timedOut": null,
              "duration": 3042,
              "state": "passed",
              "speed": "fast",
              "pass": true,
              "fail": false,
              "pending": false,
              "context": null,
              "code": "cy.get('#submit-button').click();\ncy.on('window:alert', str => {\n  expect(str).to.eq(\"You need to select a file to upload!\");\n});",
              "err": {},
              "uuid": "1a25d09b-91d1-4676-a729-62568a258bb8",
              "parentUUID": "1668e203-1225-43db-b0ce-d1b77184ae90",
              "isHook": false,
              "skipped": false
            },
            {
              "title": "Upload a file",
              "fullTitle": "Test File Upload via webdriveruni Upload a file",
              "timedOut": null,
              "duration": 1004,
              "state": "passed",
              "speed": "fast",
              "pass": true,
              "fail": false,
              "pending": false,
              "context": null,
              "code": "cy.get('#myFile').selectFile('cypress/fixtures/laptop.png');\ncy.get('#submit-button').click();\ncy.on('window:alert', str => {\n  expect(str).to.eq(\"Your file has now been uploaded!\");\n});",
              "err": {},
              "uuid": "ec7e487e-e7a8-48c7-b74a-83464c9d76ca",
              "parentUUID": "1668e203-1225-43db-b0ce-d1b77184ae90",
              "isHook": false,
              "skipped": false
            }
          ],
          "suites": [],
          "passes": [
            "1a25d09b-91d1-4676-a729-62568a258bb8",
            "ec7e487e-e7a8-48c7-b74a-83464c9d76ca"
          ],
          "failures": [],
          "pending": [],
          "skipped": [],
          "duration": 4046,
          "root": false,
          "rootEmpty": false,
          "_timeout": 2000
        }
      ],
      "passes": [],
      "failures": [],
      "pending": [],
      "skipped": [],
      "duration": 0,
      "root": true,
      "rootEmpty": true,
      "_timeout": 2000
    },
    {
      "uuid": "ffdd0e1d-1013-452a-b8c5-dd077c58dd66",
      "title": "",
      "fullFile": "cypress\\e2e\\WebDriverUniversity\\iframe.cy.js",
      "file": "cypress\\e2e\\WebDriverUniversity\\iframe.cy.js",
      "beforeHooks": [],
      "afterHooks": [],
      "tests": [],
      "suites": [
        {
          "uuid": "afaeaee5-1360-4d61-92bf-8bdc4cc3be44",
          "title": "Handling iFrame and Modals",
          "fullFile": "",
          "file": "",
          "beforeHooks": [],
          "afterHooks": [],
          "tests": [
            {
              "title": "Handle webdriveruni iframe and modal",
              "fullTitle": "Handling iFrame and Modals Handle webdriveruni iframe and modal",
              "timedOut": null,
              "duration": 3750,
              "state": "passed",
              "speed": "fast",
              "pass": true,
              "fail": false,
              "pending": false,
              "context": null,
              "code": "cy.visit('/');\ncy.get('#iframe').invoke('removeAttr', 'target').click({\n  force: true\n});\ncy.get('#frame').then($iframe => {\n  const body = $iframe.contents().find('body');\n  cy.wrap(body).as('iframe');\n});\ncy.get('@iframe').find('#button-find-out-more').click();\ncy.get('@iframe').find('#myModal').as('modal');\ncy.get('@modal').should($expectedText => {\n  const text = $expectedText.text();\n  expect(text).to.include('we sell a wide range of electrical goods');\n});\ncy.get('@modal').contains('Close').click();",
              "err": {},
              "uuid": "6d706c85-0d73-44e6-a1ac-7e1834727373",
              "parentUUID": "afaeaee5-1360-4d61-92bf-8bdc4cc3be44",
              "isHook": false,
              "skipped": false
            }
          ],
          "suites": [],
          "passes": [
            "6d706c85-0d73-44e6-a1ac-7e1834727373"
          ],
          "failures": [],
          "pending": [],
          "skipped": [],
          "duration": 3750,
          "root": false,
          "rootEmpty": false,
          "_timeout": 2000
        }
      ],
      "passes": [],
      "failures": [],
      "pending": [],
      "skipped": [],
      "duration": 0,
      "root": true,
      "rootEmpty": true,
      "_timeout": 2000
    },
    {
      "uuid": "17874b64-b3b1-4730-8e13-8f83093835fb",
      "title": "",
      "fullFile": "cypress\\e2e\\WebDriverUniversity\\js-alerts.cy.js",
      "file": "cypress\\e2e\\WebDriverUniversity\\js-alerts.cy.js",
      "beforeHooks": [],
      "afterHooks": [],
      "tests": [],
      "suites": [
        {
          "uuid": "751eed21-a2f5-420b-b66e-5aa00a4e2308",
          "title": "Handle js alerts",
          "fullFile": "",
          "file": "",
          "beforeHooks": [],
          "afterHooks": [],
          "tests": [
            {
              "title": "Confirm js alert contains the correct text",
              "fullTitle": "Handle js alerts Confirm js alert contains the correct text",
              "timedOut": null,
              "duration": 2789,
              "state": "passed",
              "speed": "fast",
              "pass": true,
              "fail": false,
              "pending": false,
              "context": null,
              "code": "cy.visit('/');\ncy.get('#popup-alerts').invoke('removeAttr', 'target').click({\n  force: true\n});\ncy.get('#button1').click();\n//cypress auto-'ok' alerts\n//catch alert\ncy.on('window:alert', str => {\n  expect(str).to.eq('I am an alert box!');\n});",
              "err": {},
              "uuid": "05be0289-16f3-4c3a-b687-25db18a45b1b",
              "parentUUID": "751eed21-a2f5-420b-b66e-5aa00a4e2308",
              "isHook": false,
              "skipped": false
            },
            {
              "title": "Validate js confirm alert box works correctly when clicking ok",
              "fullTitle": "Handle js alerts Validate js confirm alert box works correctly when clicking ok",
              "timedOut": null,
              "duration": 747,
              "state": "passed",
              "speed": "fast",
              "pass": true,
              "fail": false,
              "pending": false,
              "context": null,
              "code": "cy.visit('/');\ncy.get('#popup-alerts').invoke('removeAttr', 'target').click({\n  force: true\n});\ncy.get('#button4').click();\ncy.on('window:confirm', str => {\n  return false; //returns 'OK', false-> returns 'cancel'\n});\n//cy.get('#confirm-alert-text').contains('You pressed OK!')",
              "err": {},
              "uuid": "9c8e8595-22e6-42e9-b815-0048d3570fbe",
              "parentUUID": "751eed21-a2f5-420b-b66e-5aa00a4e2308",
              "isHook": false,
              "skipped": false
            },
            {
              "title": "Validate js confirm alert box using a stub",
              "fullTitle": "Handle js alerts Validate js confirm alert box using a stub",
              "timedOut": null,
              "duration": 725,
              "state": "passed",
              "speed": "fast",
              "pass": true,
              "fail": false,
              "pending": false,
              "context": null,
              "code": "cy.visit('/');\ncy.get('#popup-alerts').invoke('removeAttr', 'target').click({\n  force: true\n});\nconst stub = cy.stub();\ncy.on('window:confirm', stub);\ncy.get('#button4').click().then(() => {\n  expect(stub.getCall(0)).to.be.calledWith('Press a button!');\n}).then(() => {\n  return true;\n}).then(() => {\n  cy.get('#confirm-alert-text').contains('You pressed OK!');\n});",
              "err": {},
              "uuid": "55bd9884-caf0-4711-8cdd-82861cf5b66b",
              "parentUUID": "751eed21-a2f5-420b-b66e-5aa00a4e2308",
              "isHook": false,
              "skipped": false
            }
          ],
          "suites": [],
          "passes": [
            "05be0289-16f3-4c3a-b687-25db18a45b1b",
            "9c8e8595-22e6-42e9-b815-0048d3570fbe",
            "55bd9884-caf0-4711-8cdd-82861cf5b66b"
          ],
          "failures": [],
          "pending": [],
          "skipped": [],
          "duration": 4261,
          "root": false,
          "rootEmpty": false,
          "_timeout": 2000
        }
      ],
      "passes": [],
      "failures": [],
      "pending": [],
      "skipped": [],
      "duration": 0,
      "root": true,
      "rootEmpty": true,
      "_timeout": 2000
    },
    {
      "uuid": "01101393-89e3-4c57-bb4c-13c82ed40138",
      "title": "",
      "fullFile": "cypress\\e2e\\WebDriverUniversity\\mouse-actions.js",
      "file": "cypress\\e2e\\WebDriverUniversity\\mouse-actions.js",
      "beforeHooks": [],
      "afterHooks": [],
      "tests": [],
      "suites": [
        {
          "uuid": "fbffdb59-38c3-4af4-ba1d-7246abf13902",
          "title": "Test mouse actions",
          "fullFile": "",
          "file": "",
          "beforeHooks": [],
          "afterHooks": [],
          "tests": [
            {
              "title": "Drag and drop",
              "fullTitle": "Test mouse actions Drag and drop",
              "timedOut": null,
              "duration": 3014,
              "state": "passed",
              "speed": "fast",
              "pass": true,
              "fail": false,
              "pending": false,
              "context": null,
              "code": "cy.get('#draggable').trigger('mousedown', {\n  which: 1\n});\ncy.get('#droppable').trigger('mousemove').trigger('mouseup', {\n  force: true\n});",
              "err": {},
              "uuid": "11b550da-68e8-47c0-941b-f55bf2619a93",
              "parentUUID": "fbffdb59-38c3-4af4-ba1d-7246abf13902",
              "isHook": false,
              "skipped": false
            },
            {
              "title": "Double Click",
              "fullTitle": "Test mouse actions Double Click",
              "timedOut": null,
              "duration": 771,
              "state": "passed",
              "speed": "fast",
              "pass": true,
              "fail": false,
              "pending": false,
              "context": null,
              "code": "cy.get('#double-click').trigger('dblclick');\ncy.get('#double-click').dblclick();",
              "err": {},
              "uuid": "90fcd438-3267-4e38-ab9e-d4349663a7c5",
              "parentUUID": "fbffdb59-38c3-4af4-ba1d-7246abf13902",
              "isHook": false,
              "skipped": false
            },
            {
              "title": "Hold Click",
              "fullTitle": "Test mouse actions Hold Click",
              "timedOut": null,
              "duration": 694,
              "state": "passed",
              "speed": "fast",
              "pass": true,
              "fail": false,
              "pending": false,
              "context": null,
              "code": "cy.get('#click-box').trigger('mousedown', {\n  which: 1\n}).then($element => {\n  expect($element).to.have.css('background-color', 'rgb(0, 255, 0)');\n}).should('contain', 'Well done! keep holding that click now.....').trigger('mouseup').should('contain', 'Dont release me!!!').then($element => {\n  // expect($element).to.have.css('background', 'tomato')\n});",
              "err": {},
              "uuid": "ea9ee79b-0a0d-4b79-9aef-68a179fbc5b7",
              "parentUUID": "fbffdb59-38c3-4af4-ba1d-7246abf13902",
              "isHook": false,
              "skipped": false
            }
          ],
          "suites": [],
          "passes": [
            "11b550da-68e8-47c0-941b-f55bf2619a93",
            "90fcd438-3267-4e38-ab9e-d4349663a7c5",
            "ea9ee79b-0a0d-4b79-9aef-68a179fbc5b7"
          ],
          "failures": [],
          "pending": [],
          "skipped": [],
          "duration": 4479,
          "root": false,
          "rootEmpty": false,
          "_timeout": 2000
        }
      ],
      "passes": [],
      "failures": [],
      "pending": [],
      "skipped": [],
      "duration": 0,
      "root": true,
      "rootEmpty": true,
      "_timeout": 2000
    },
    {
      "uuid": "d41df65b-0685-4b39-81f3-997a49637829",
      "title": "",
      "fullFile": "cypress\\e2e\\WebDriverUniversity\\radio-buttons.js",
      "file": "cypress\\e2e\\WebDriverUniversity\\radio-buttons.js",
      "beforeHooks": [],
      "afterHooks": [],
      "tests": [],
      "suites": [
        {
          "uuid": "4c563975-bfcf-4499-a3f3-234b5eaf7816",
          "title": "Verify Radio Buttons via webdriveruni",
          "fullFile": "",
          "file": "",
          "beforeHooks": [],
          "afterHooks": [],
          "tests": [
            {
              "title": "Check specific radio buttons",
              "fullTitle": "Verify Radio Buttons via webdriveruni Check specific radio buttons",
              "timedOut": null,
              "duration": 2936,
              "state": "passed",
              "speed": "fast",
              "pass": true,
              "fail": false,
              "pending": false,
              "context": null,
              "code": "cy.get('#radio-buttons').find('[type=\"radio\"]').first().check();\ncy.get('#radio-buttons').find('[type=\"radio\"]').eq(1).check().should('be.checked');\ncy.get('#radio-buttons').find('[type=\"radio\"]').first().should('not.be.checked');",
              "err": {},
              "uuid": "12d5af7f-8e6b-4f9b-aa94-8f6621667d21",
              "parentUUID": "4c563975-bfcf-4499-a3f3-234b5eaf7816",
              "isHook": false,
              "skipped": false
            },
            {
              "title": "Validate the states of specific radio buttons",
              "fullTitle": "Verify Radio Buttons via webdriveruni Validate the states of specific radio buttons",
              "timedOut": null,
              "duration": 755,
              "state": "passed",
              "speed": "fast",
              "pass": true,
              "fail": false,
              "pending": false,
              "context": null,
              "code": "// cy.get('#radio-buttons-selected-disabled').find('[type=\"radio\"]').first().check()\ncy.get('[value=\"lettuce\"]').should('not.be.checked');\ncy.get('[value=\"cabbage\"]').should('be.disabled');\ncy.get('[value=\"pumpkin\"]').should('be.checked');\ncy.get('[value=\"lettuce\"]').check().should('be.checked');\ncy.get('[value=\"pumpkin\"]').should('not.be.checked');",
              "err": {},
              "uuid": "b2f5319b-7d7a-48f2-955e-9b7908104694",
              "parentUUID": "4c563975-bfcf-4499-a3f3-234b5eaf7816",
              "isHook": false,
              "skipped": false
            }
          ],
          "suites": [],
          "passes": [
            "12d5af7f-8e6b-4f9b-aa94-8f6621667d21",
            "b2f5319b-7d7a-48f2-955e-9b7908104694"
          ],
          "failures": [],
          "pending": [],
          "skipped": [],
          "duration": 3691,
          "root": false,
          "rootEmpty": false,
          "_timeout": 2000
        }
      ],
      "passes": [],
      "failures": [],
      "pending": [],
      "skipped": [],
      "duration": 0,
      "root": true,
      "rootEmpty": true,
      "_timeout": 2000
    },
    {
      "uuid": "53b91377-64b7-4b8f-83ea-2ffa171b7f67",
      "title": "",
      "fullFile": "cypress\\e2e\\WebDriverUniversity\\select-dropdown.js",
      "file": "cypress\\e2e\\WebDriverUniversity\\select-dropdown.js",
      "beforeHooks": [],
      "afterHooks": [],
      "tests": [],
      "suites": [
        {
          "uuid": "3eabe572-c977-4330-a386-4fa98284a784",
          "title": "Interact with dropdown lists via webdriveruni",
          "fullFile": "",
          "file": "",
          "beforeHooks": [],
          "afterHooks": [],
          "tests": [
            {
              "title": "Select specific values via select dropdown lists",
              "fullTitle": "Interact with dropdown lists via webdriveruni Select specific values via select dropdown lists",
              "timedOut": null,
              "duration": 2930,
              "state": "passed",
              "speed": "fast",
              "pass": true,
              "fail": false,
              "pending": false,
              "context": null,
              "code": "cy.visit('/');\ncy.get('#dropdown-checkboxes-radiobuttons').invoke('removeAttr', 'target').click({\n  force: true\n});\ncy.get('#dropdowm-menu-1').select('C#').contains('C#'); //select and assert based on text value\ncy.get('#dropdowm-menu-2').select('testng').should('have.value', 'testng'); //select and assert based on value attr\ncy.get('#dropdowm-menu-3').select('jquery').contains('JQuery'); // select based on value attr and assert using text value",
              "err": {},
              "uuid": "9d226f96-d2ce-42e0-a265-3c694201320a",
              "parentUUID": "3eabe572-c977-4330-a386-4fa98284a784",
              "isHook": false,
              "skipped": false
            },
            {
              "title": "Test disabled dropdown",
              "fullTitle": "Interact with dropdown lists via webdriveruni Test disabled dropdown",
              "timedOut": null,
              "duration": 672,
              "state": "passed",
              "speed": "fast",
              "pass": true,
              "fail": false,
              "pending": false,
              "context": null,
              "code": "cy.visit('/');\ncy.get('#dropdown-checkboxes-radiobuttons').invoke('removeAttr', 'target').click({\n  force: true\n});\ncy.get('#fruit-selects > [value=\"orange\"]').should('be.disabled');",
              "err": {},
              "uuid": "f4bfae23-3a9e-49c8-8047-797f7075fbab",
              "parentUUID": "3eabe572-c977-4330-a386-4fa98284a784",
              "isHook": false,
              "skipped": false
            }
          ],
          "suites": [],
          "passes": [
            "9d226f96-d2ce-42e0-a265-3c694201320a",
            "f4bfae23-3a9e-49c8-8047-797f7075fbab"
          ],
          "failures": [],
          "pending": [],
          "skipped": [],
          "duration": 3602,
          "root": false,
          "rootEmpty": false,
          "_timeout": 2000
        }
      ],
      "passes": [],
      "failures": [],
      "pending": [],
      "skipped": [],
      "duration": 0,
      "root": true,
      "rootEmpty": true,
      "_timeout": 2000
    },
    {
      "uuid": "8a795753-fba2-459d-98ad-e2e5179b5eac",
      "title": "",
      "fullFile": "cypress\\e2e\\WebDriverUniversity\\traversing-elements.js",
      "file": "cypress\\e2e\\WebDriverUniversity\\traversing-elements.js",
      "beforeHooks": [],
      "afterHooks": [],
      "tests": [],
      "suites": [
        {
          "uuid": "21d9c070-cc09-46d5-8f4a-7693b0e97ce3",
          "title": "Traversing DOM elements in Cypress",
          "fullFile": "",
          "file": "",
          "beforeHooks": [],
          "afterHooks": [],
          "tests": [
            {
              "title": "children() to get the children of DOM elements",
              "fullTitle": "Traversing DOM elements in Cypress children() to get the children of DOM elements",
              "timedOut": null,
              "duration": 2741,
              "state": "passed",
              "speed": "fast",
              "pass": true,
              "fail": false,
              "pending": false,
              "context": null,
              "code": "cy.get('.traversal-breadcrumb').children('.active').should('contain', 'Contact Us');",
              "err": {},
              "uuid": "07bc47c8-29f6-4a35-bd47-3fd72331708a",
              "parentUUID": "21d9c070-cc09-46d5-8f4a-7693b0e97ce3",
              "isHook": false,
              "skipped": false
            },
            {
              "title": "closest() to validate the closest ancestor DOM element",
              "fullTitle": "Traversing DOM elements in Cypress closest() to validate the closest ancestor DOM element",
              "timedOut": null,
              "duration": 749,
              "state": "passed",
              "speed": "fast",
              "pass": true,
              "fail": false,
              "pending": false,
              "context": null,
              "code": "cy.get('.traversal-badge').closest('ul').should('have.class', 'list-group');",
              "err": {},
              "uuid": "f5d7bb15-eefb-4744-a088-b284cccb6305",
              "parentUUID": "21d9c070-cc09-46d5-8f4a-7693b0e97ce3",
              "isHook": false,
              "skipped": false
            },
            {
              "title": "eq() to retrieve a specific element based on index",
              "fullTitle": "Traversing DOM elements in Cypress eq() to retrieve a specific element based on index",
              "timedOut": null,
              "duration": 708,
              "state": "passed",
              "speed": "fast",
              "pass": true,
              "fail": false,
              "pending": false,
              "context": null,
              "code": "cy.get('.traversal-drinks-list > *').eq(2).should('contain', 'Milk');",
              "err": {},
              "uuid": "61d0c8b9-1f99-4cae-817f-f88d18941117",
              "parentUUID": "21d9c070-cc09-46d5-8f4a-7693b0e97ce3",
              "isHook": false,
              "skipped": false
            },
            {
              "title": "filter() to retrieve DOM elements that match a specific selector",
              "fullTitle": "Traversing DOM elements in Cypress filter() to retrieve DOM elements that match a specific selector",
              "timedOut": null,
              "duration": 691,
              "state": "passed",
              "speed": "fast",
              "pass": true,
              "fail": false,
              "pending": false,
              "context": null,
              "code": "cy.get('.btn-group-toggle > *').filter('.active').should('contain', 'Button-1');",
              "err": {},
              "uuid": "bd6f28b3-3dec-4e9a-b1ac-8d90ef327ba8",
              "parentUUID": "21d9c070-cc09-46d5-8f4a-7693b0e97ce3",
              "isHook": false,
              "skipped": false
            },
            {
              "title": "find() to retrieve DOM elements of a given selector",
              "fullTitle": "Traversing DOM elements in Cypress find() to retrieve DOM elements of a given selector",
              "timedOut": null,
              "duration": 703,
              "state": "passed",
              "speed": "fast",
              "pass": true,
              "fail": false,
              "pending": false,
              "context": null,
              "code": "cy.get('.traversal-pagination').find('li').find('a').should('have.length', 7);",
              "err": {},
              "uuid": "61efa5c7-974f-42f8-85cd-55f1f2afdd9c",
              "parentUUID": "21d9c070-cc09-46d5-8f4a-7693b0e97ce3",
              "isHook": false,
              "skipped": false
            },
            {
              "title": "first() to retrieve the first DOM element within elements ",
              "fullTitle": "Traversing DOM elements in Cypress first() to retrieve the first DOM element within elements ",
              "timedOut": null,
              "duration": 666,
              "state": "passed",
              "speed": "fast",
              "pass": true,
              "fail": false,
              "pending": false,
              "context": null,
              "code": "cy.get('.traversal-table >tbody >tr >td').first().should('contain', 'Andy');",
              "err": {},
              "uuid": "85866afd-28e8-40d8-b664-cc1b95cb5f7c",
              "parentUUID": "21d9c070-cc09-46d5-8f4a-7693b0e97ce3",
              "isHook": false,
              "skipped": false
            },
            {
              "title": "last() to retrieve the last DOM element within elements",
              "fullTitle": "Traversing DOM elements in Cypress last() to retrieve the last DOM element within elements",
              "timedOut": null,
              "duration": 700,
              "state": "passed",
              "speed": "fast",
              "pass": true,
              "fail": false,
              "pending": false,
              "context": null,
              "code": "cy.get('.traversal-table >tbody >tr >td').last().should('contain', 'Scott');",
              "err": {},
              "uuid": "e5a635a3-275b-463c-9a9b-0ff6aa5fd1b1",
              "parentUUID": "21d9c070-cc09-46d5-8f4a-7693b0e97ce3",
              "isHook": false,
              "skipped": false
            },
            {
              "title": "nextAll() to get all of the next sibling DOM elements within elements",
              "fullTitle": "Traversing DOM elements in Cypress nextAll() to get all of the next sibling DOM elements within elements",
              "timedOut": null,
              "duration": 683,
              "state": "passed",
              "speed": "fast",
              "pass": true,
              "fail": false,
              "pending": false,
              "context": null,
              "code": "cy.get('.traversal-drinks-list').contains('Tea').nextAll().should('have.length', 3);",
              "err": {},
              "uuid": "cbb0e1a0-1192-48d2-94af-01f8896fa72e",
              "parentUUID": "21d9c070-cc09-46d5-8f4a-7693b0e97ce3",
              "isHook": false,
              "skipped": false
            },
            {
              "title": "nextUntil() to get all of the next sibling DOM elements within elements until another element",
              "fullTitle": "Traversing DOM elements in Cypress nextUntil() to get all of the next sibling DOM elements within elements until another element",
              "timedOut": null,
              "duration": 690,
              "state": "passed",
              "speed": "fast",
              "pass": true,
              "fail": false,
              "pending": false,
              "context": null,
              "code": "cy.get('.traversal-drinks-list').contains('Coffee').nextUntil('#milk'); //returns until milk, not included",
              "err": {},
              "uuid": "09d33e1d-000e-4248-be7d-c31ee5ada012",
              "parentUUID": "21d9c070-cc09-46d5-8f4a-7693b0e97ce3",
              "isHook": false,
              "skipped": false
            },
            {
              "title": "not() to remove DOM element(s) from the set of elements",
              "fullTitle": "Traversing DOM elements in Cypress not() to remove DOM element(s) from the set of elements",
              "timedOut": null,
              "duration": 685,
              "state": "passed",
              "speed": "fast",
              "pass": true,
              "fail": false,
              "pending": false,
              "context": null,
              "code": "cy.get('.traversal-button-states > button').not('.disabled').should('not.have.class', 'disabled'); //element not to included",
              "err": {},
              "uuid": "449c8abf-0dd3-4c76-a669-4d4698428def",
              "parentUUID": "21d9c070-cc09-46d5-8f4a-7693b0e97ce3",
              "isHook": false,
              "skipped": false
            },
            {
              "title": "parent() To get parent DOM element of elements",
              "fullTitle": "Traversing DOM elements in Cypress parent() To get parent DOM element of elements",
              "timedOut": null,
              "duration": 675,
              "state": "passed",
              "speed": "fast",
              "pass": true,
              "fail": false,
              "pending": false,
              "context": null,
              "code": "cy.get('.traversal-mark').parent().should('contain', 'Lorem');",
              "err": {},
              "uuid": "1fe1de90-e07b-4d60-8fc1-245fa2d2d580",
              "parentUUID": "21d9c070-cc09-46d5-8f4a-7693b0e97ce3",
              "isHook": false,
              "skipped": false
            },
            {
              "title": "parents() to get parents DOM element of elements",
              "fullTitle": "Traversing DOM elements in Cypress parents() to get parents DOM element of elements",
              "timedOut": null,
              "duration": 698,
              "state": "passed",
              "speed": "fast",
              "pass": true,
              "fail": false,
              "pending": false,
              "context": null,
              "code": "cy.get('.traversal-cite').parents().should('match', 'blockquote');",
              "err": {},
              "uuid": "2f0b9f26-7fa5-4baa-a6de-7b0ff7e439cc",
              "parentUUID": "21d9c070-cc09-46d5-8f4a-7693b0e97ce3",
              "isHook": false,
              "skipped": false
            },
            {
              "title": "prev() to get the previous sibling DOM element within elements",
              "fullTitle": "Traversing DOM elements in Cypress prev() to get the previous sibling DOM element within elements",
              "timedOut": null,
              "duration": 678,
              "state": "passed",
              "speed": "fast",
              "pass": true,
              "fail": false,
              "pending": false,
              "context": null,
              "code": "cy.get('.traversal-drinks-list').contains('Sugar').prev().should('contain', 'Espresso');",
              "err": {},
              "uuid": "e959d74a-70ce-4950-a8d0-c5b4f1fff9ee",
              "parentUUID": "21d9c070-cc09-46d5-8f4a-7693b0e97ce3",
              "isHook": false,
              "skipped": false
            },
            {
              "title": "prevAll() to get all previous sibling DOM elements within elements",
              "fullTitle": "Traversing DOM elements in Cypress prevAll() to get all previous sibling DOM elements within elements",
              "timedOut": null,
              "duration": 675,
              "state": "passed",
              "speed": "fast",
              "pass": true,
              "fail": false,
              "pending": false,
              "context": null,
              "code": "cy.get('.sales').prevAll().should('have.length', 2);",
              "err": {},
              "uuid": "2bfd8684-f1b9-43f4-88f3-a82bd7d4aeec",
              "parentUUID": "21d9c070-cc09-46d5-8f4a-7693b0e97ce3",
              "isHook": false,
              "skipped": false
            },
            {
              "title": "prevUntil() to get all previous sibling DOM elements within elements until other element",
              "fullTitle": "Traversing DOM elements in Cypress prevUntil() to get all previous sibling DOM elements within elements until other element",
              "timedOut": null,
              "duration": 704,
              "state": "passed",
              "speed": "fast",
              "pass": true,
              "fail": false,
              "pending": false,
              "context": null,
              "code": "cy.get('#veggie').prevUntil('#fruits').should('have.length', 5);",
              "err": {},
              "uuid": "6632a0c9-7f6f-46e8-bd3f-87b1299247b8",
              "parentUUID": "21d9c070-cc09-46d5-8f4a-7693b0e97ce3",
              "isHook": false,
              "skipped": false
            },
            {
              "title": "siblings() To get all sibling DOM elements of elements",
              "fullTitle": "Traversing DOM elements in Cypress siblings() To get all sibling DOM elements of elements",
              "timedOut": null,
              "duration": 679,
              "state": "passed",
              "speed": "fast",
              "pass": true,
              "fail": false,
              "pending": false,
              "context": null,
              "code": "cy.get('.traversal-button-other-states .active').siblings().should('have.length', 3);",
              "err": {},
              "uuid": "1b75ddca-77d3-46b6-8906-e9d471f0d5b3",
              "parentUUID": "21d9c070-cc09-46d5-8f4a-7693b0e97ce3",
              "isHook": false,
              "skipped": false
            }
          ],
          "suites": [],
          "passes": [
            "07bc47c8-29f6-4a35-bd47-3fd72331708a",
            "f5d7bb15-eefb-4744-a088-b284cccb6305",
            "61d0c8b9-1f99-4cae-817f-f88d18941117",
            "bd6f28b3-3dec-4e9a-b1ac-8d90ef327ba8",
            "61efa5c7-974f-42f8-85cd-55f1f2afdd9c",
            "85866afd-28e8-40d8-b664-cc1b95cb5f7c",
            "e5a635a3-275b-463c-9a9b-0ff6aa5fd1b1",
            "cbb0e1a0-1192-48d2-94af-01f8896fa72e",
            "09d33e1d-000e-4248-be7d-c31ee5ada012",
            "449c8abf-0dd3-4c76-a669-4d4698428def",
            "1fe1de90-e07b-4d60-8fc1-245fa2d2d580",
            "2f0b9f26-7fa5-4baa-a6de-7b0ff7e439cc",
            "e959d74a-70ce-4950-a8d0-c5b4f1fff9ee",
            "2bfd8684-f1b9-43f4-88f3-a82bd7d4aeec",
            "6632a0c9-7f6f-46e8-bd3f-87b1299247b8",
            "1b75ddca-77d3-46b6-8906-e9d471f0d5b3"
          ],
          "failures": [],
          "pending": [],
          "skipped": [],
          "duration": 13125,
          "root": false,
          "rootEmpty": false,
          "_timeout": 2000
        }
      ],
      "passes": [],
      "failures": [],
      "pending": [],
      "skipped": [],
      "duration": 0,
      "root": true,
      "rootEmpty": true,
      "_timeout": 2000
    },
    {
      "uuid": "d48a256c-0d0a-42fb-9680-58b1ecd9d4e3",
      "title": "",
      "fullFile": "cypress\\e2e\\AutomationStore\\add-multiple-items-to-basket.js",
      "file": "cypress\\e2e\\AutomationStore\\add-multiple-items-to-basket.js",
      "beforeHooks": [],
      "afterHooks": [],
      "tests": [],
      "suites": [
        {
          "uuid": "437e4a7e-445f-4007-894a-194473641517",
          "title": "Add multiple items to basket",
          "fullFile": "",
          "file": "",
          "beforeHooks": [],
          "afterHooks": [],
          "tests": [
            {
              "title": "Add specific item to basekt",
              "fullTitle": "Add multiple items to basket Add specific item to basekt",
              "timedOut": null,
              "duration": 13939,
              "state": "passed",
              "speed": "slow",
              "pass": true,
              "fail": false,
              "pending": false,
              "context": null,
              "code": "// cy.get('a[href*=\"product/category&path=\"]').contains('Hair Care').click()\nautoStore_Homepage_PO.clickOn_HairCare_Link();\nautoStore_HairCare_PO.addHairCareProductsToBasket();\n// globalThis.data.productName.forEach((element) => {\n//     cy.addProductToBasket(element)\n// })\ncy.get('.block_7').click();",
              "err": {},
              "uuid": "9871aeda-417a-4e74-967c-899272e436bd",
              "parentUUID": "437e4a7e-445f-4007-894a-194473641517",
              "isHook": false,
              "skipped": false
            }
          ],
          "suites": [],
          "passes": [
            "9871aeda-417a-4e74-967c-899272e436bd"
          ],
          "failures": [],
          "pending": [],
          "skipped": [],
          "duration": 13939,
          "root": false,
          "rootEmpty": false,
          "_timeout": 2000
        }
      ],
      "passes": [],
      "failures": [],
      "pending": [],
      "skipped": [],
      "duration": 0,
      "root": true,
      "rootEmpty": true,
      "_timeout": 2000
    }
  ],
  "meta": {
    "mocha": {
      "version": "7.0.1"
    },
    "mochawesome": {
      "options": {
        "quiet": false,
        "reportFilename": "mochawesome",
        "saveHtml": false,
        "saveJson": true,
        "consoleReporter": "spec",
        "useInlineDiffs": false,
        "code": true
      },
      "version": "7.1.3"
    },
    "marge": {
      "options": {
        "id": "default",
        "reportDir": "cypress/results",
        "overwrite": false,
        "html": false,
        "json": true,
        "quite": true
      },
      "version": "6.2.0"
    }
  }
}